<?xml version="1.0" encoding="UTF-8"?>
<!-- Generated by org.testng.reporters.JUnitReportReporter -->
<testsuite skipped="0" hostname="D-1" name="seleniumBasicWithTestNG.OpenGoogleWithTestNG" tests="1" failures="0" timestamp="23 Jul 2017 05:39:37 GMT" time="25.374" errors="0">
  <testcase name="openGoogle" time="25.374" classname="seleniumBasicWithTestNG.OpenGoogleWithTestNG"/>
</testsuite> <!-- seleniumBasicWithTestNG.OpenGoogleWithTestNG -->
