<?xml version="1.0" encoding="UTF-8"?>
<!-- Generated by org.testng.reporters.JUnitReportReporter -->
<testsuite skipped="1" hostname="D-1" name="seleniumBasicWithTestNG.OptimisedMultipleTests" tests="3" failures="0" timestamp="23 Jul 2017 08:48:49 GMT" time="18.447" errors="0">
  <testcase name="openGoogle" time="12.130" classname="seleniumBasicWithTestNG.OptimisedMultipleTests"/>
  <testcase name="openBing" time="6.317" classname="seleniumBasicWithTestNG.OptimisedMultipleTests"/>
  <testcase name="openYahoo" classname="seleniumBasicWithTestNG.OptimisedMultipleTests">
    <skipped/>
  </testcase> <!-- openYahoo -->
</testsuite> <!-- seleniumBasicWithTestNG.OptimisedMultipleTests -->
