<?xml version="1.0" encoding="UTF-8"?>
<!-- Generated by org.testng.reporters.JUnitReportReporter -->
<testsuite skipped="1" hostname="D-1" name="seleniumBasicWithTestNG.MultipleTests" tests="3" failures="0" timestamp="22 Jul 2017 07:16:03 GMT" time="25.200" errors="0">
  <testcase name="openBing" time="6.044" classname="seleniumBasicWithTestNG.MultipleTests"/>
  <testcase name="openGoogle" time="19.156" classname="seleniumBasicWithTestNG.MultipleTests"/>
  <testcase name="openYahoo" classname="seleniumBasicWithTestNG.MultipleTests">
    <skipped/>
  </testcase> <!-- openYahoo -->
</testsuite> <!-- seleniumBasicWithTestNG.MultipleTests -->
