<?xml version="1.0" encoding="UTF-8"?>
<!-- Generated by org.testng.reporters.JUnitReportReporter -->
<testsuite skipped="0" hostname="D-1" name="seleniumBasicWithTestNG.ParallelExecution" tests="2" failures="0" timestamp="30 Jul 2017 05:56:42 GMT" time="11.995" errors="0">
  <testcase name="openBing" time="5.824" classname="seleniumBasicWithTestNG.ParallelExecution"/>
  <testcase name="openGoogle" time="6.171" classname="seleniumBasicWithTestNG.ParallelExecution"/>
</testsuite> <!-- seleniumBasicWithTestNG.ParallelExecution -->
