<?xml version="1.0" encoding="UTF-8"?>
<!-- Generated by org.testng.reporters.JUnitReportReporter -->
<testsuite skipped="0" hostname="D-1" name="seleniumBasicWithTestNG.GroupTesting" tests="4" failures="0" timestamp="23 Jul 2017 10:13:00 GMT" time="0.015" errors="0">
  <testcase name="mi1" time="0.000" classname="seleniumBasicWithTestNG.GroupTesting"/>
  <testcase name="apple2" time="0.000" classname="seleniumBasicWithTestNG.GroupTesting"/>
  <testcase name="apple1" time="0.015" classname="seleniumBasicWithTestNG.GroupTesting"/>
  <testcase name="mi2" time="0.000" classname="seleniumBasicWithTestNG.GroupTesting"/>
</testsuite> <!-- seleniumBasicWithTestNG.GroupTesting -->
