<?xml version="1.0" encoding="UTF-8"?>
<!-- Generated by org.testng.reporters.JUnitReportReporter -->
<testsuite skipped="1" hostname="D-1" name="seleniumBasicWithTestNG.SkipATestCase" tests="5" failures="0" timestamp="22 Jul 2017 06:48:03 GMT" time="0.000" errors="0">
  <testcase name="startEngine" time="0.000" classname="seleniumBasicWithTestNG.SkipATestCase"/>
  <testcase name="putFirstGear" time="0.000" classname="seleniumBasicWithTestNG.SkipATestCase"/>
  <testcase name="putSecondGear" time="0.000" classname="seleniumBasicWithTestNG.SkipATestCase"/>
  <testcase name="putThirdGear" time="0.000" classname="seleniumBasicWithTestNG.SkipATestCase"/>
  <testcase name="playMusic" classname="seleniumBasicWithTestNG.SkipATestCase">
    <skipped/>
  </testcase> <!-- playMusic -->
</testsuite> <!-- seleniumBasicWithTestNG.SkipATestCase -->
