<?xml version="1.0" encoding="UTF-8"?>
<!-- Generated by org.testng.reporters.JUnitReportReporter -->
<testsuite skipped="0" hostname="D-1" name="seleniumBasicWithTestNG.PriorityRun" tests="4" failures="0" timestamp="22 Jul 2017 06:48:03 GMT" time="0.001" errors="0">
  <testcase name="startEngine" time="0.000" classname="seleniumBasicWithTestNG.PriorityRun"/>
  <testcase name="putFirstGear" time="0.001" classname="seleniumBasicWithTestNG.PriorityRun"/>
  <testcase name="putSecondGear" time="0.000" classname="seleniumBasicWithTestNG.PriorityRun"/>
  <testcase name="putThirdGear" time="0.000" classname="seleniumBasicWithTestNG.PriorityRun"/>
</testsuite> <!-- seleniumBasicWithTestNG.PriorityRun -->
